<?xml version="1.0" encoding="UTF-8"?>
<testsuite xmlns:xsi="http://www.w3.org/2001/XMLSchema-instance" xsi:noNamespaceSchemaLocation="https://maven.apache.org/surefire/maven-surefire-plugin/xsd/surefire-test-report-3.0.xsd" version="3.0" name="com.example.shivaknt.ShivakntApplicationTests" time="12.052" tests="1" errors="0" skipped="0" failures="0">
  <properties>
[...]
</properties>
  <testcase name="contextLoads" classname="com.example.shivaknt.ShivakntApplicationTests" time="2.614">
    <system-out><![CDATA[12:42:15.044 [main] INFO org.springframework.test.context.support.AnnotationConfigContextLoaderUtils -- Could not detect default configuration classes for test class [com.example.shivaknt.ShivakntApplicationTests]: ShivakntApplicationTests does not declare any static, non-private, non-final, nested classes annotated with @Configuration.
12:42:15.353 [main] INFO org.springframework.boot.test.context.SpringBootTestContextBootstrapper -- Found @SpringBootConfiguration com.example.shivaknt.ShivakntApplication for test class com.example.shivaknt.ShivakntApplicationTests

  .   ____          _            __ _ _
 /\\ / ___'_ __ _ _(_)_ __  __ _ \ \ \ \
( ( )\___ | '_ | '_| | '_ \/ _` | \ \ \ \
 \\/  ___)| |_)| | | | | || (_| |  ) ) ) )
  '  |____| .__|_| |_|_| |_\__, | / / / /
 =========|_|==============|___/=/_/_/_/
 :: Spring Boot ::       (v3.2.0-SNAPSHOT)

2023-11-06T12:42:16.776+05:30  INFO 10024 --- [           main] c.e.shivaknt.ShivakntApplicationTests    : Starting ShivakntApplicationTests using Java 17.0.7 with PID 10024 (started by Shubham in I:\Bus Travel\News App\Backend\shivaknt)
2023-11-06T12:42:16.781+05:30  INFO 10024 --- [           main] c.e.shivaknt.ShivakntApplicationTests    : No active profile set, falling back to 1 default profile: "default"
2023-11-06T12:42:23.483+05:30  INFO 10024 --- [           main] o.s.b.a.e.web.EndpointLinksResolver      : Exposing 13 endpoint(s) beneath base path '/actuator'
2023-11-06T12:42:23.740+05:30  INFO 10024 --- [           main] c.e.shivaknt.ShivakntApplicationTests    : Started ShivakntApplicationTests in 7.896 seconds (process running for 11.143)
2023-11-06T12:42:26.511+05:30  INFO 10024 --- [           main] c.example.shivaknt.ShivakntApplication   : this the starting of the project.
2023-11-06T12:42:26.522+05:30  INFO 10024 --- [           main] c.example.shivaknt.ShivakntApplication   : firebase has been initialise.
]]></system-out>
  </testcase>
</testsuite>